<?xml version="1.0" encoding="UTF-8"?>
<testng-results skipped="0" failed="0" ignored="0" total="1" passed="1">
  <reporter-output>
  </reporter-output>
  <suite name="Default suite" duration-ms="12356" started-at="2017-11-19T12:49:45Z" finished-at="2017-11-19T12:49:58Z">
    <groups>
    </groups>
    <test name="Default test" duration-ms="12356" started-at="2017-11-19T12:49:45Z" finished-at="2017-11-19T12:49:58Z">
      <class name="com.selenium.Extent.Extent_Report_Using_POM">
        <test-method status="PASS" signature="setup()[pri:0, instance:com.selenium.Extent.Extent_Report_Using_POM@6093dd95]" name="setup" is-config="true" duration-ms="8531" started-at="2017-11-19T18:19:45Z" finished-at="2017-11-19T18:19:54Z">
          <reporter-output>
          </reporter-output>
        </test-method> <!-- setup -->
        <test-method status="PASS" signature="log()[pri:0, instance:com.selenium.Extent.Extent_Report_Using_POM@6093dd95]" name="log" duration-ms="2221" started-at="2017-11-19T18:19:54Z" finished-at="2017-11-19T18:19:56Z">
          <reporter-output>
          </reporter-output>
        </test-method> <!-- log -->
        <test-method status="PASS" signature="close()[pri:0, instance:com.selenium.Extent.Extent_Report_Using_POM@6093dd95]" name="close" is-config="true" duration-ms="1534" started-at="2017-11-19T18:19:56Z" finished-at="2017-11-19T18:19:58Z">
          <reporter-output>
          </reporter-output>
        </test-method> <!-- close -->
      </class> <!-- com.selenium.Extent.Extent_Report_Using_POM -->
    </test> <!-- Default test -->
  </suite> <!-- Default suite -->
</testng-results>
